<?xml version="1.0" encoding="UTF-8"?>
<!-- Generated by org.testng.reporters.JUnitXMLReporter -->
<testsuite ignored="0" hostname="INBLRLT4041" failures="0" tests="3" name="Facebook Login Positive case" time="0.041" errors="0" timestamp="2022-06-20T16:31:20 IST">
  <testcase classname="FacebookLogin" name="loginWithInValidCredentials" time="0.005"/>
  <testcase classname="FacebookLogin" name="loginWithInValidUserName" time="0.001"/>
  <testcase classname="FacebookLogin" name="loginWithValidCredentials" time="0.0"/>
</testsuite> <!-- Facebook Login Positive case -->
