<?xml version="1.0" encoding="UTF-8"?>
<!-- Generated by org.testng.reporters.JUnitXMLReporter -->
<testsuite ignored="0" hostname="INBLRLT4041" failures="0" tests="4" name="Test case for Package" time="0.007" errors="0" timestamp="2022-06-20T16:31:20 IST">
  <testcase classname="Testing.SampleTest1" name="sampleTestOneMethodOne" time="0.0"/>
  <testcase classname="Testing.SampleTest1" name="sampleTestOneMethodTwo" time="0.0"/>
  <testcase classname="Testing.SampleTest2" name="sampleTestTwoMethodOne" time="0.001"/>
  <testcase classname="Testing.SampleTest2" name="sampleTestTwoMethodTwo" time="0.0"/>
</testsuite> <!-- Test case for Package -->
