<?xml version="1.0" encoding="UTF-8"?>
<!-- Generated by org.testng.reporters.JUnitXMLReporter -->
<testsuite ignored="2" hostname="INBLRLT4041" failures="0" tests="2" name="Group functionality" time="0.036" errors="0" timestamp="2022-06-23T09:36:27 IST">
  <testcase classname="ExecutionOrder.TestCaseGrouping" name="testCaseOne" time="0.006"/>
  <testcase classname="ExecutionOrder.TestCaseGrouping" name="testCaseTwo" time="0.001"/>
  <testcase classname="ExecutionOrder.TestCaseGrouping" name="testCaseFour" time="0.0">
    <ignored/>
  </testcase> <!-- testCaseFour -->
  <testcase classname="ExecutionOrder.TestCaseGrouping" name="testCaseThree" time="0.0">
    <ignored/>
  </testcase> <!-- testCaseThree -->
</testsuite> <!-- Group functionality -->
