<?xml version="1.0" encoding="UTF-8"?>
<testng-results ignored="0" total="1" passed="1" failed="0" skipped="0">
  <reporter-output>
  </reporter-output>
  <suite started-at="2022-06-30T15:13:42 IST" name="Default suite" finished-at="2022-06-30T15:13:42 IST" duration-ms="58">
    <groups>
    </groups>
    <test started-at="2022-06-30T15:13:42 IST" name="Default test" finished-at="2022-06-30T15:13:42 IST" duration-ms="58">
      <class name="Streams.Lamdaex1">
        <test-method signature="regular()[pri:0, instance:Streams.Lamdaex1@316bcf94]" started-at="2022-06-30T15:13:42 IST" name="regular" finished-at="2022-06-30T15:13:42 IST" duration-ms="9" status="PASS">
          <reporter-output>
          </reporter-output>
        </test-method> <!-- regular -->
      </class> <!-- Streams.Lamdaex1 -->
    </test> <!-- Default test -->
  </suite> <!-- Default suite -->
</testng-results>
